<?xml version="1.0" encoding="UTF-8"?>
<robot generator="Robot 7.2.2 (Python 3.13.0 on win32)" generated="2025-10-21T19:33:19.760187" rpa="false" schemaversion="5">
<suite id="s1" name="AddNews Test" source="e:\ProjectTest_khubdee\Add_News\AddNews_Test.robot">
<test id="s1-t1" name="TC1 Add News" line="14">
<kw name="Open Browser" owner="SeleniumLibrary">
<msg time="2025-10-21T19:33:20.288100" level="INFO">Opening browser 'Chrome' to base url 'http://localhost:8080/project469/'.</msg>
<msg time="2025-10-21T19:33:20.653863" level="WARN">The chromedriver version (140.0.7339.82) detected in PATH at C:\BrowserDriver\chromedriver.exe might not be compatible with the detected chrome version (141.0.7390.108); currently, chromedriver 141.0.7390.78 is recommended for chrome 141.*, so it is advised to delete the driver in PATH and retry</msg>
<arg>${URL}</arg>
<arg>${BROWSER}</arg>
<doc>Opens a new browser instance to the optional ``url``.</doc>
<status status="PASS" start="2025-10-21T19:33:20.287635" elapsed="1.900026"/>
</kw>
<kw name="Open Excel Document" owner="ExcelLibrary">
<arg>${TestData}</arg>
<arg>doc_id=addnews</arg>
<doc>Opens xlsx document file.</doc>
<status status="PASS" start="2025-10-21T19:33:22.188357" elapsed="0.027069"/>
</kw>
<kw name="Maximize Browser Window" owner="SeleniumLibrary">
<doc>Maximizes current browser window.</doc>
<status status="PASS" start="2025-10-21T19:33:22.215987" elapsed="0.034214"/>
</kw>
<kw name="Login As Officer" owner="AddNews_Keywords">
<kw name="Wait Until Element Is Visible" owner="SeleniumLibrary">
<arg>//a[contains(text(),'เข้าสู่ระบบ')]</arg>
<arg>3s</arg>
<doc>Waits until the element ``locator`` is visible.</doc>
<status status="PASS" start="2025-10-21T19:33:22.251386" elapsed="0.024754"/>
</kw>
<kw name="Click Element" owner="SeleniumLibrary">
<msg time="2025-10-21T19:33:22.276791" level="INFO">Clicking element '//a[contains(text(),'เข้าสู่ระบบ')]'.</msg>
<arg>//a[contains(text(),'เข้าสู่ระบบ')]</arg>
<doc>Click the element identified by ``locator``.</doc>
<status status="PASS" start="2025-10-21T19:33:22.276473" elapsed="0.308868"/>
</kw>
<kw name="Input Text" owner="SeleniumLibrary">
<msg time="2025-10-21T19:33:22.586047" level="INFO">Typing text 'officer01@mju.ac.th' into text field '//input[@id='email']'.</msg>
<arg>//input[@id='email']</arg>
<arg>officer01@mju.ac.th</arg>
<doc>Types the given ``text`` into the text field identified by ``locator``.</doc>
<status status="PASS" start="2025-10-21T19:33:22.585681" elapsed="0.118531"/>
</kw>
<kw name="Input Text" owner="SeleniumLibrary">
<msg time="2025-10-21T19:33:22.705203" level="INFO">Typing text 'mjuofficer01' into text field '//input[@id='password']'.</msg>
<arg>//input[@id='password']</arg>
<arg>mjuofficer01</arg>
<doc>Types the given ``text`` into the text field identified by ``locator``.</doc>
<status status="PASS" start="2025-10-21T19:33:22.704751" elapsed="0.061363"/>
</kw>
<kw name="Click Element" owner="SeleniumLibrary">
<msg time="2025-10-21T19:33:22.766889" level="INFO">Clicking element '//button[@type='submit']'.</msg>
<arg>//button[@type='submit']</arg>
<doc>Click the element identified by ``locator``.</doc>
<status status="PASS" start="2025-10-21T19:33:22.766540" elapsed="0.051996"/>
</kw>
<kw name="Click Element" owner="SeleniumLibrary">
<msg time="2025-10-21T19:33:22.819331" level="INFO">Clicking element '//button[contains(text(),'ตกลง')]'.</msg>
<arg>//button[contains(text(),'ตกลง')]</arg>
<doc>Click the element identified by ``locator``.</doc>
<status status="PASS" start="2025-10-21T19:33:22.819033" elapsed="0.369301"/>
</kw>
<status status="PASS" start="2025-10-21T19:33:22.250801" elapsed="0.937739"/>
</kw>
<kw name="click_add" owner="AddNews_Keywords">
<kw name="Click Element" owner="SeleniumLibrary">
<msg time="2025-10-21T19:33:23.189947" level="INFO">Clicking element '//a[@class='p-3'][contains(text(),'ข่าวสาร')]'.</msg>
<arg>//a[@class='p-3'][contains(text(),'ข่าวสาร')]</arg>
<doc>Click the element identified by ``locator``.</doc>
<status status="PASS" start="2025-10-21T19:33:23.189499" elapsed="0.449994"/>
</kw>
<kw name="Set Selenium Speed" owner="SeleniumLibrary">
<arg>0.05</arg>
<doc>Sets the delay that is waited after each Selenium command.</doc>
<status status="PASS" start="2025-10-21T19:33:23.639783" elapsed="0.000277"/>
</kw>
<kw name="Wait Until Element Is Visible" owner="SeleniumLibrary">
<arg>//span[contains(text(),'เพิ่มข่าว')]</arg>
<arg>2s</arg>
<doc>Waits until the element ``locator`` is visible.</doc>
<status status="PASS" start="2025-10-21T19:33:23.640239" elapsed="0.122995"/>
</kw>
<kw name="Click Element" owner="SeleniumLibrary">
<msg time="2025-10-21T19:33:23.764762" level="INFO">Clicking element '//span[contains(text(),'เพิ่มข่าว')]'.</msg>
<arg>//span[contains(text(),'เพิ่มข่าว')]</arg>
<doc>Click the element identified by ``locator``.</doc>
<status status="PASS" start="2025-10-21T19:33:23.764047" elapsed="0.206861"/>
</kw>
<status status="PASS" start="2025-10-21T19:33:23.188996" elapsed="0.782143"/>
</kw>
<for flavor="IN RANGE">
<iter>
<kw name="Read Excel Cell" owner="ExcelLibrary">
<msg time="2025-10-21T19:33:23.973622" level="INFO">${Check} = Y</msg>
<var>${Check}</var>
<arg>${i}</arg>
<arg>1</arg>
<doc>Returns content of a cell.</doc>
<status status="PASS" start="2025-10-21T19:33:23.973252" elapsed="0.000549"/>
</kw>
<if>
<branch type="IF" condition="'${Check}' == 'Y'">
<kw name="Add News Item" owner="AddNews_Keywords">
<kw name="Read Excel Cell" owner="ExcelLibrary">
<msg time="2025-10-21T19:33:23.974974" level="INFO">${inputnews_title} = ม.แม่โจ้ เปิดงานเกษตรแม่โจ้2568 อย่างยิ่งใหญ่ โชว์นวัตกรรมเกษตรอัจฉริยะสู่อนาคตAEC</msg>
<var>${inputnews_title}</var>
<arg>${i}</arg>
<arg>3</arg>
<doc>Returns content of a cell.</doc>
<status status="PASS" start="2025-10-21T19:33:23.974684" elapsed="0.000413"/>
</kw>
<kw name="Input Text" owner="SeleniumLibrary">
<msg time="2025-10-21T19:33:23.975502" level="INFO">Typing text 'ม.แม่โจ้ เปิดงานเกษตรแม่โจ้2568 อย่างยิ่งใหญ่ โชว์นวัตกรรมเกษตรอัจฉริยะสู่อนาคตAEC' into text field '//input[@id='news-title']'.</msg>
<arg>//input[@id='news-title']</arg>
<arg>${inputnews_title}</arg>
<doc>Types the given ``text`` into the text field identified by ``locator``.</doc>
<status status="PASS" start="2025-10-21T19:33:23.975261" elapsed="0.322644"/>
</kw>
<kw name="Read Excel Cell" owner="ExcelLibrary">
<msg time="2025-10-21T19:33:24.299636" level="INFO">${inputDate} = 08/25/2025</msg>
<var>${inputDate}</var>
<arg>${i}</arg>
<arg>4</arg>
<doc>Returns content of a cell.</doc>
<status status="PASS" start="2025-10-21T19:33:24.298654" elapsed="0.001246"/>
</kw>
<kw name="Input Text" owner="SeleniumLibrary">
<msg time="2025-10-21T19:33:24.300329" level="INFO">Typing text '08/25/2025' into text field '//input[@id='news-date']'.</msg>
<arg>//input[@id='news-date']</arg>
<arg>${inputDate}</arg>
<doc>Types the given ``text`` into the text field identified by ``locator``.</doc>
<status status="PASS" start="2025-10-21T19:33:24.300070" elapsed="0.219758"/>
</kw>
<kw name="Read Excel Cell" owner="ExcelLibrary">
<msg time="2025-10-21T19:33:24.520896" level="INFO">${inputDetail} = งานเกษตรแม่โจ้ 2568
โชว์นวัตกรรมเกษตร
อัจฉริยะเพื่ออนาคต
ประเทศไทยอย่างยั่งยืน</msg>
<var>${inputDetail}</var>
<arg>${i}</arg>
<arg>5</arg>
<doc>Returns content of a cell.</doc>
<status status="PASS" start="2025-10-21T19:33:24.520108" elapsed="0.001125"/>
</kw>
<kw name="Input Text" owner="SeleniumLibrary">
<msg time="2025-10-21T19:33:24.522406" level="INFO">Typing text 'งานเกษตรแม่โจ้ 2568
โชว์นวัตกรรมเกษตร
อัจฉริยะเพื่ออนาคต
ประเทศไทยอย่างยั่งยืน' into text field '//textarea[@id='news-detail']'.</msg>
<arg>//textarea[@id='news-detail']</arg>
<arg>${inputDetail}</arg>
<doc>Types the given ``text`` into the text field identified by ``locator``.</doc>
<status status="PASS" start="2025-10-21T19:33:24.521718" elapsed="0.287010"/>
</kw>
<kw name="Read Excel Cell" owner="ExcelLibrary">
<msg time="2025-10-21T19:33:24.809370" level="INFO">${inputImg} = E:\\ProjectTest_khubdee\\Add_News\\Image\\image1.jpg</msg>
<var>${inputImg}</var>
<arg>${i}</arg>
<arg>6</arg>
<doc>Returns content of a cell.</doc>
<status status="PASS" start="2025-10-21T19:33:24.809058" elapsed="0.000429"/>
</kw>
<kw name="Run Keyword And Ignore Error" owner="BuiltIn">
<kw name="Choose File" owner="SeleniumLibrary">
<msg time="2025-10-21T19:33:24.810128" level="INFO">Sending E:\ProjectTest_khubdee\Add_News\Image\image1.jpg to browser.</msg>
<arg>//input[@id='news-img']</arg>
<arg>${inputImg}</arg>
<doc>Inputs the ``file_path`` into the file input field ``locator``.</doc>
<status status="PASS" start="2025-10-21T19:33:24.809892" elapsed="0.127591"/>
</kw>
<arg>Choose File</arg>
<arg>//input[@id='news-img']</arg>
<arg>${inputImg}</arg>
<doc>Runs the given keyword with the given arguments and ignores possible error.</doc>
<status status="PASS" start="2025-10-21T19:33:24.809653" elapsed="0.128037"/>
</kw>
<kw name="Read Excel Cell" owner="ExcelLibrary">
<msg time="2025-10-21T19:33:24.938182" level="INFO">${Expected_Result} = บันทึกสำเร็จ</msg>
<var>${Expected_Result}</var>
<arg>${i}</arg>
<arg>7</arg>
<doc>Returns content of a cell.</doc>
<status status="PASS" start="2025-10-21T19:33:24.937877" elapsed="0.000428"/>
</kw>
<arg>${i}</arg>
<status status="PASS" start="2025-10-21T19:33:23.974356" elapsed="0.964076"/>
</kw>
<kw name="Click add news" owner="AddNews_Keywords">
<kw name="Scroll Element Into View" owner="SeleniumLibrary">
<arg>//button[contains(text(),'เพิ่มข่าว')]</arg>
<doc>Scrolls the element identified by ``locator`` into view.</doc>
<status status="PASS" start="2025-10-21T19:33:24.938908" elapsed="0.382485"/>
</kw>
<kw name="Sleep" owner="BuiltIn">
<msg time="2025-10-21T19:33:27.322770" level="INFO">Slept 2 seconds.</msg>
<arg>2s</arg>
<doc>Pauses the test executed for the given time.</doc>
<status status="PASS" start="2025-10-21T19:33:25.321915" elapsed="2.001140"/>
</kw>
<kw name="Click Element" owner="SeleniumLibrary">
<msg time="2025-10-21T19:33:27.323487" level="INFO">Clicking element '//button[contains(text(),'เพิ่มข่าว')]'.</msg>
<arg>//button[contains(text(),'เพิ่มข่าว')]</arg>
<doc>Click the element identified by ``locator``.</doc>
<status status="PASS" start="2025-10-21T19:33:27.323266" elapsed="0.158423"/>
</kw>
<status status="PASS" start="2025-10-21T19:33:24.938619" elapsed="2.543634"/>
</kw>
<kw name="Get Result" owner="AddNews_Keywords">
<kw name="Run Keyword And Return Status" owner="BuiltIn">
<kw name="Wait Until Element Is Visible" owner="SeleniumLibrary">
<arg>//p[@class='h3 mb-3']</arg>
<arg>10s</arg>
<doc>Waits until the element ``locator`` is visible.</doc>
<status status="PASS" start="2025-10-21T19:33:27.484001" elapsed="0.657279"/>
</kw>
<msg time="2025-10-21T19:33:28.141856" level="INFO">${page_loaded} = True</msg>
<var>${page_loaded}</var>
<arg>Wait Until Element Is Visible</arg>
<arg>//p[@class='h3 mb-3']</arg>
<arg>10s</arg>
<doc>Runs the given keyword with given arguments and returns the status as a Boolean value.</doc>
<status status="PASS" start="2025-10-21T19:33:27.483664" elapsed="0.658421"/>
</kw>
<if>
<branch type="IF" condition="${page_loaded}">
<kw name="Get Text" owner="SeleniumLibrary">
<msg time="2025-10-21T19:33:28.264970" level="INFO">${Actual_Result} = ข่าวสาร</msg>
<var>${Actual_Result}</var>
<arg>//p[@class='h3 mb-3']</arg>
<doc>Returns the text value of the element identified by ``locator``.</doc>
<status status="PASS" start="2025-10-21T19:33:28.142611" elapsed="0.123032"/>
</kw>
<status status="PASS" start="2025-10-21T19:33:28.142350" elapsed="0.123789"/>
</branch>
<branch type="ELSE">
<kw name="Set Variable" owner="BuiltIn">
<var>${Actual_Result}</var>
<doc>Returns the given values which can then be assigned to a variables.</doc>
<status status="NOT RUN" start="2025-10-21T19:33:28.266858" elapsed="0.000167"/>
</kw>
<status status="NOT RUN" start="2025-10-21T19:33:28.266496" elapsed="0.000672"/>
</branch>
<status status="PASS" start="2025-10-21T19:33:28.142309" elapsed="0.124956"/>
</if>
<kw name="Write Excel Cell" owner="ExcelLibrary">
<msg time="2025-10-21T19:33:28.268025" level="FAIL">Variable '${i}' not found.</msg>
<arg>${i}</arg>
<arg>8</arg>
<arg>${Actual_Result}</arg>
<doc>Writes value to the cell.</doc>
<status status="FAIL" start="2025-10-21T19:33:28.267387" elapsed="0.002137">Variable '${i}' not found.</status>
</kw>
<kw name="Run Keyword And Return Status" owner="BuiltIn">
<var>${flag}</var>
<arg>Should Be Equal As Strings</arg>
<arg>${Expected_Result}</arg>
<arg>${Actual_Result}</arg>
<doc>Runs the given keyword with given arguments and returns the status as a Boolean value.</doc>
<status status="NOT RUN" start="2025-10-21T19:33:28.269914" elapsed="0.000196"/>
</kw>
<if>
<branch type="IF" condition="${flag}">
<kw name="Write Excel Cell" owner="ExcelLibrary">
<arg>${i}</arg>
<arg>9</arg>
<arg>Pass</arg>
<doc>Writes value to the cell.</doc>
<status status="NOT RUN" start="2025-10-21T19:33:28.270614" elapsed="0.000176"/>
</kw>
<status status="NOT RUN" start="2025-10-21T19:33:28.270345" elapsed="0.000647"/>
</branch>
<branch type="ELSE">
<kw name="Write Excel Cell" owner="ExcelLibrary">
<arg>${i}</arg>
<arg>9</arg>
<arg>Fail</arg>
<doc>Writes value to the cell.</doc>
<status status="NOT RUN" start="2025-10-21T19:33:28.271408" elapsed="0.000171"/>
</kw>
<status status="NOT RUN" start="2025-10-21T19:33:28.271155" elapsed="0.000602"/>
</branch>
<status status="NOT RUN" start="2025-10-21T19:33:28.270304" elapsed="0.001608"/>
</if>
<status status="FAIL" start="2025-10-21T19:33:27.483038" elapsed="0.789059">Variable '${i}' not found.</status>
</kw>
<status status="FAIL" start="2025-10-21T19:33:23.973994" elapsed="4.298354">Variable '${i}' not found.</status>
</branch>
<status status="FAIL" start="2025-10-21T19:33:23.973957" elapsed="4.298631">Variable '${i}' not found.</status>
</if>
<kw name="Go To" owner="SeleniumLibrary">
<arg>${urlAddnews}</arg>
<doc>Navigates the current browser window to the provided ``url``.</doc>
<status status="NOT RUN" start="2025-10-21T19:33:28.272835" elapsed="0.000390"/>
</kw>
<var name="${i}">2</var>
<status status="FAIL" start="2025-10-21T19:33:23.972874" elapsed="4.300605">Variable '${i}' not found.</status>
</iter>
<var>${i}</var>
<value>2</value>
<value>${row}+1</value>
<status status="FAIL" start="2025-10-21T19:33:23.971999" elapsed="4.301777">Variable '${i}' not found.</status>
</for>
<kw name="Save Excel Document" owner="ExcelLibrary">
<arg>${TestData}</arg>
<doc>Saves the current document to disk.</doc>
<status status="NOT RUN" start="2025-10-21T19:33:28.274590" elapsed="0.000187"/>
</kw>
<kw name="Close Current Excel Document" owner="ExcelLibrary">
<doc>Closes current document.</doc>
<status status="NOT RUN" start="2025-10-21T19:33:28.275333" elapsed="0.000152"/>
</kw>
<kw name="Sleep" owner="BuiltIn">
<arg>2s</arg>
<doc>Pauses the test executed for the given time.</doc>
<status status="NOT RUN" start="2025-10-21T19:33:28.275919" elapsed="0.000135"/>
</kw>
<kw name="Close Browser" owner="SeleniumLibrary">
<doc>Closes the current browser.</doc>
<status status="NOT RUN" start="2025-10-21T19:33:28.276880" elapsed="0.000232"/>
</kw>
<status status="FAIL" start="2025-10-21T19:33:20.286266" elapsed="7.991474">Variable '${i}' not found.</status>
</test>
<status status="FAIL" start="2025-10-21T19:33:19.765327" elapsed="8.514840"/>
</suite>
<statistics>
<total>
<stat pass="0" fail="1" skip="0">All Tests</stat>
</total>
<tag>
</tag>
<suite>
<stat name="AddNews Test" id="s1" pass="0" fail="1" skip="0">AddNews Test</stat>
</suite>
</statistics>
<errors>
<msg time="2025-10-21T19:33:20.653863" level="WARN">The chromedriver version (140.0.7339.82) detected in PATH at C:\BrowserDriver\chromedriver.exe might not be compatible with the detected chrome version (141.0.7390.108); currently, chromedriver 141.0.7390.78 is recommended for chrome 141.*, so it is advised to delete the driver in PATH and retry</msg>
</errors>
</robot>
